<?xml version="1.0" encoding="UTF-8"?>
<!-- Generated by org.testng.reporters.JUnitXMLReporter -->
<testsuite hostname="DESKTOP-BRDGUEK" ignored="0" name="api Test" tests="4" failures="0" timestamp="05 Sep 2020 14:41:37 GMT" time="8.006" errors="0">
  <testcase name="test01_getList" time="3.258" classname="SanityTests.StudentListAPI"/>
  <testcase name="test02_AddStudentList" time="0.418" classname="SanityTests.StudentListAPI"/>
  <testcase name="test03_UpdateStudentList" time="0.162" classname="SanityTests.StudentListAPI"/>
  <testcase name="test04_deleteStudentList" time="0.103" classname="SanityTests.StudentListAPI"/>
</testsuite> <!-- api Test -->
