<?xml version="1.0" encoding="UTF-8"?>
<!-- Generated by org.testng.reporters.JUnitXMLReporter -->
<testsuite hostname="DESKTOP-BRDGUEK" ignored="0" name="electron Demo Test" tests="1" failures="0" timestamp="19 Aug 2020 09:15:29 GMT" time="0.404" errors="0">
  <testcase name="@BeforeClass startSession" time="0.094" classname="Utilities.commonOps">
    <failure type="java.lang.RuntimeException" message="Invalid platform name ststed">
      <![CDATA[java.lang.RuntimeException: Invalid platform name ststed
at Utilities.commonOps.startSession(commonOps.java:161)
... Removed 30 stack frames]]>
    </failure>
  </testcase> <!-- @BeforeClass startSession -->
  <testcase name="@AfterMethod afterMethod" time="0.0" classname="Utilities.commonOps">
    <skipped/>
  </testcase> <!-- @AfterMethod afterMethod -->
  <testcase name="@AfterClass closeSession" time="0.0" classname="Utilities.commonOps">
    <skipped/>
  </testcase> <!-- @AfterClass closeSession -->
  <testcase name="test01_login" time="0.0" classname="SanityTests.electronDemo">
    <skipped/>
  </testcase> <!-- test01_login -->
</testsuite> <!-- electron Demo Test -->
