<?xml version="1.0" encoding="UTF-8"?>
<!-- Generated by org.testng.reporters.JUnitXMLReporter -->
<testsuite hostname="DESKTOP-BRDGUEK" ignored="0" name="Web Test" tests="5" failures="0" timestamp="05 Sep 2020 14:50:08 GMT" time="52.088" errors="0">
  <testcase name="test01_login" time="5.594" classname="SanityTests.orangeWeb"/>
  <testcase name="test02_AddEmployee" time="7.033" classname="SanityTests.orangeWeb"/>
  <testcase name="test03_DeleteEmployee" time="3.794" classname="SanityTests.orangeWeb"/>
  <testcase name="test04_verifyLogo" time="1.031" classname="SanityTests.orangeWeb"/>
  <testcase name="test01_login" time="4.922" classname="SanityTests.orangeWebDB"/>
</testsuite> <!-- Web Test -->
